/*C4*/SET SCHEMA PUBLIC
DISCONNECT
/*C5*/SET SCHEMA PUBLIC
INSERT INTO PREGUNTACUBOS VALUES(1,'Cuantos cubos vez aca','4','8','2','3','3','CEA22B26C0A80102000000008511E238',NULL)
COMMIT
INSERT INTO USUARIO VALUES('001-101201-1007Y','M2885FW07','raulvruiz@uamv.edu.ni','Ra\u00fal Natanael Valverde Ru\u00edz')
INSERT INTO SUJETOEVALUADO VALUES('001-101201-1007Y',NULL,NULL,18,NULL)
COMMIT
INSERT INTO USUARIO VALUES('428-031107-4589Q','brbrpatapim','kellys@psicohot.com','Kellys Belisa Bellanger Saenz')
INSERT INTO PSICOLOGO VALUES('15254','428-031107-4589Q')
COMMIT
INSERT INTO TESTESPACIAL VALUES('01',1,'Prueba Cubos Raul',40)
INSERT INTO PREGUNTACUBOS VALUES(2,'Cuantos cubos Vez','1','3','5','6','3','CEAB0D25C0A80102000000008ED8B202','01')
COMMIT
INSERT INTO RESULTADOBFA VALUES('01',100,100,'001-101201-1007Y','01')
COMMIT
DELETE FROM RESULTADOBFA WHERE IDRESULTADO='01'
COMMIT
INSERT INTO RESULTADOBFA VALUES('1',50,50,'001-101201-1007Y','01')
COMMIT
DELETE FROM PREGUNTACUBOS WHERE ID=2
COMMIT
DELETE FROM PREGUNTACUBOS WHERE ID=1
COMMIT
DELETE FROM PSICOLOGO WHERE IDUSUARIO='428-031107-4589Q'
DELETE FROM USUARIO WHERE IDUSUARIO='428-031107-4589Q'
COMMIT
DELETE FROM RESULTADOBFA WHERE IDRESULTADO='1'
COMMIT
DELETE FROM SUJETOEVALUADO WHERE IDUSUARIO='001-101201-1007Y'
DELETE FROM USUARIO WHERE IDUSUARIO='001-101201-1007Y'
COMMIT
DELETE FROM TESTESPACIAL WHERE IDTEST='01'
COMMIT
INSERT INTO USUARIO VALUES('1','1234','juanperez@psicoev.com','Juan Perez')
INSERT INTO SUJETOEVALUADO VALUES('1',NULL,NULL,11,NULL)
COMMIT
INSERT INTO TESTESPACIAL VALUES('TEST-CUBOS',0,'Prueba de Aptitud Espacial UAM',0)
INSERT INTO PREGUNTACUBOS VALUES(3,'\u00bfCu\u00e1ntas caras ocultas tiene el bloque?','3','2','1','0','3','CEB2EE7DC0A80102000000005615C058','TEST-CUBOS')
COMMIT
INSERT INTO PREGUNTACUBOS VALUES(4,'"Seleccione la rotaci\u00f3n correcta','adelante','ambos','atras','ninguno','ambos','CEB449EAC0A8010200000000EF82B267','TEST-CUBOS')
COMMIT
INSERT INTO PREGUNTACUBOS VALUES(5,'\u00bfQu\u00e9 figura se forma al armar el molde?','cono','jirafa','cubo','ovalo','cono','CEB531FCC0A80102000000001A3B92BB','TEST-CUBOS')
COMMIT
DELETE FROM TESTESPACIAL WHERE IDTEST='TEST-CUBOS'
INSERT INTO TESTESPACIAL VALUES('TEST-CUBOS',3,'Prueba de Aptitud Espacial UAM',15)
COMMIT
INSERT INTO RESULTADOBFA VALUES('1',95,3,'1','TEST-CUBOS')
COMMIT
